#
# There is insufficient memory for the Java Runtime Environment to continue.
# Native memory allocation (malloc) failed to allocate 48176 bytes for Chunk::new
# Possible reasons:
#   The system is out of physical RAM or swap space
#   The process is running with CompressedOops enabled, and the Java Heap may be blocking the growth of the native heap
# Possible solutions:
#   Reduce memory load on the system
#   Increase physical memory or swap space
#   Check if swap backing store is full
#   Decrease Java heap size (-Xmx/-Xms)
#   Decrease number of Java threads
#   Decrease Java thread stack sizes (-Xss)
#   Set larger code cache with -XX:ReservedCodeCacheSize=
#   JVM is running with Unscaled Compressed Oops mode in which the Java heap is
#     placed in the first 4GB address space. The Java Heap base address is the
#     maximum limit for the native heap growth. Please use -XX:HeapBaseMinAddress
#     to set the Java Heap base and to place the Java Heap above 4GB virtual address.
# This output file may be truncated or incomplete.
#
#  Out of Memory Error (./open/src/hotspot/share/memory/arena.cpp:197), pid=8880, tid=3832
#
# JRE version: Java(TM) SE Runtime Environment 18.9 (11.0.15+8) (build 11.0.15+8-LTS-149)
# Java VM: Java HotSpot(TM) 64-Bit Server VM 18.9 (11.0.15+8-LTS-149, mixed mode, tiered, compressed oops, g1 gc, windows-amd64)
# No core dump will be written. Minidumps are not enabled by default on client versions of Windows
#

---------------  S U M M A R Y ------------

Command Line: -Xmx64m -Xms64m -Dorg.gradle.appname=gradlew org.gradle.wrapper.GradleWrapperMain app:installDebug -PreactNativeDevServerPort=8081

Host: Intel(R) Pentium(R) CPU G3240 @ 3.10GHz, 2 cores, 19G,  Windows 10 , 64 bit Build 19041 (10.0.19041.1889)
Time: Tue Oct 18 17:50:53 2022 India Standard Time elapsed time: 61.639952 seconds (0d 0h 1m 1s)

---------------  T H R E A D  ---------------

Current thread (0x000001cc6d235000):  JavaThread "C2 CompilerThread0" daemon [_thread_in_native, id=3832, stack(0x000000b82d000000,0x000000b82d100000)]


Current CompileTask:
C2:  61640 1320       4       java.util.ArrayList::add (25 bytes)

Stack: [0x000000b82d000000,0x000000b82d100000]
Native frames: (J=compiled Java code, j=interpreted, Vv=VM code, C=native code)
V  [jvm.dll+0x629d8a]
V  [jvm.dll+0x7638ff]
V  [jvm.dll+0x764fa9]
V  [jvm.dll+0x765633]
V  [jvm.dll+0x23d9c8]
V  [jvm.dll+0xb2a1c]
V  [jvm.dll+0xb2fdc]
V  [jvm.dll+0x341047]
V  [jvm.dll+0x18cb19]
V  [jvm.dll+0x1f8672]
V  [jvm.dll+0x1f774d]
V  [jvm.dll+0x177c51]
V  [jvm.dll+0x207026]
V  [jvm.dll+0x2051bb]
V  [jvm.dll+0x729820]
V  [jvm.dll+0x7223f4]
V  [jvm.dll+0x628c26]
C  [ucrtbase.dll+0x21bb2]
C  [KERNEL32.DLL+0x17034]
C  [ntdll.dll+0x526a1]


---------------  P R O C E S S  ---------------

Threads class SMR info:
_java_thread_list=0x000001cc6e8cdd40, length=13, elements={
0x000001cc53969800, 0x000001cc6d1ab800, 0x000001cc6d1ad000, 0x000001cc6d22d800,
0x000001cc6d230000, 0x000001cc6d231000, 0x000001cc6d235000, 0x000001cc6d3a8800,
0x000001cc6d28d800, 0x000001cc6d4b8800, 0x000001cc6d869800, 0x000001cc6d56c000,
0x000001cc6d79a000
}

Java Threads: ( => current thread )
  0x000001cc53969800 JavaThread "main" [_thread_in_native, id=13952, stack(0x000000b82c300000,0x000000b82c400000)]
  0x000001cc6d1ab800 JavaThread "Reference Handler" daemon [_thread_blocked, id=5996, stack(0x000000b82cb00000,0x000000b82cc00000)]
  0x000001cc6d1ad000 JavaThread "Finalizer" daemon [_thread_blocked, id=5236, stack(0x000000b82cc00000,0x000000b82cd00000)]
  0x000001cc6d22d800 JavaThread "Signal Dispatcher" daemon [_thread_blocked, id=8672, stack(0x000000b82cd00000,0x000000b82ce00000)]
  0x000001cc6d230000 JavaThread "Attach Listener" daemon [_thread_blocked, id=8036, stack(0x000000b82ce00000,0x000000b82cf00000)]
  0x000001cc6d231000 JavaThread "Service Thread" daemon [_thread_blocked, id=5400, stack(0x000000b82cf00000,0x000000b82d000000)]
=>0x000001cc6d235000 JavaThread "C2 CompilerThread0" daemon [_thread_in_native, id=3832, stack(0x000000b82d000000,0x000000b82d100000)]
  0x000001cc6d3a8800 JavaThread "C1 CompilerThread0" daemon [_thread_in_vm, id=9228, stack(0x000000b82d100000,0x000000b82d200000)]
  0x000001cc6d28d800 JavaThread "Sweeper thread" daemon [_thread_blocked, id=2912, stack(0x000000b82d200000,0x000000b82d300000)]
  0x000001cc6d4b8800 JavaThread "Common-Cleaner" daemon [_thread_blocked, id=6792, stack(0x000000b82d400000,0x000000b82d500000)]
  0x000001cc6d869800 JavaThread "pool-1-thread-1" [_thread_blocked, id=728, stack(0x000000b82d600000,0x000000b82d700000)]
  0x000001cc6d56c000 JavaThread "DisconnectableInputStream source reader" daemon [_thread_in_native, id=9260, stack(0x000000b82d800000,0x000000b82d900000)]
  0x000001cc6d79a000 JavaThread "Forward input" [_thread_blocked, id=14016, stack(0x000000b82d900000,0x000000b82da00000)]

Other Threads:
  0x000001cc6d1a9800 VMThread "VM Thread" [stack: 0x000000b82ca00000,0x000000b82cb00000] [id=13228]
  0x000001cc6d4b1800 WatcherThread [stack: 0x000000b82d300000,0x000000b82d400000] [id=12552]
  0x000001cc5397c800 GCTaskThread "GC Thread#0" [stack: 0x000000b82c500000,0x000000b82c600000] [id=12432]
  0x000001cc6d727800 GCTaskThread "GC Thread#1" [stack: 0x000000b82d500000,0x000000b82d600000] [id=8120]
  0x000001cc53983000 ConcurrentGCThread "G1 Main Marker" [stack: 0x000000b82c600000,0x000000b82c700000] [id=14792]
  0x000001cc53985800 ConcurrentGCThread "G1 Conc#0" [stack: 0x000000b82c700000,0x000000b82c800000] [id=13732]
  0x000001cc539cf000 ConcurrentGCThread "G1 Refine#0" [stack: 0x000000b82c800000,0x000000b82c900000] [id=100]
  0x000001cc539d0000 ConcurrentGCThread "G1 Young RemSet Sampling" [stack: 0x000000b82c900000,0x000000b82ca00000] [id=3156]

Threads with active compile tasks:
C2 CompilerThread0  62011 1320       4       java.util.ArrayList::add (25 bytes)
C1 CompilerThread0  62011 1326       3       org.gradle.internal.logging.console.WorkInProgressRenderer::renderNow (351 bytes)

VM state:synchronizing (normal execution)

VM Mutex/Monitor currently owned by a thread:  ([mutex/lock_event])
[0x000001cc53965fa0] Threads_lock - owner thread: 0x000001cc6d1a9800

Heap address: 0x00000000fc000000, size: 64 MB, Compressed Oops mode: 32-bit
Narrow klass base: 0x0000000000000000, Narrow klass shift: 3
Compressed class space size: 1073741824 Address: 0x0000000100000000

Heap:
 garbage-first heap   total 65536K, used 41499K [0x00000000fc000000, 0x0000000100000000)
  region size 1024K, 36 young (36864K), 1 survivors (1024K)
 Metaspace       used 15145K, capacity 15375K, committed 15488K, reserved 1062912K
  class space    used 1751K, capacity 1834K, committed 1920K, reserved 1048576K
Heap Regions: E=young(eden), S=young(survivor), O=old, HS=humongous(starts), HC=humongous(continues), CS=collection set, F=free, A=archive, TAMS=top-at-mark-start (previous, next)
|   0|0x00000000fc000000, 0x00000000fc086c00, 0x00000000fc100000| 52%| O|  |TAMS 0x00000000fc000000, 0x00000000fc000000| Untracked 
|   1|0x00000000fc100000, 0x00000000fc200000, 0x00000000fc200000|100%|HS|  |TAMS 0x00000000fc100000, 0x00000000fc100000| Complete 
|   2|0x00000000fc200000, 0x00000000fc300000, 0x00000000fc300000|100%|HC|  |TAMS 0x00000000fc200000, 0x00000000fc200000| Complete 
|   3|0x00000000fc300000, 0x00000000fc400000, 0x00000000fc400000|100%|HC|  |TAMS 0x00000000fc300000, 0x00000000fc300000| Complete 
|   4|0x00000000fc400000, 0x00000000fc500000, 0x00000000fc500000|100%|HS|  |TAMS 0x00000000fc400000, 0x00000000fc400000| Complete 
|   5|0x00000000fc500000, 0x00000000fc600000, 0x00000000fc600000|100%|HC|  |TAMS 0x00000000fc500000, 0x00000000fc500000| Complete 
|   6|0x00000000fc600000, 0x00000000fc700000, 0x00000000fc700000|100%|HC|  |TAMS 0x00000000fc600000, 0x00000000fc600000| Complete 
|   7|0x00000000fc700000, 0x00000000fc700000, 0x00000000fc800000|  0%| F|  |TAMS 0x00000000fc700000, 0x00000000fc700000| Untracked 
|   8|0x00000000fc800000, 0x00000000fc800000, 0x00000000fc900000|  0%| F|  |TAMS 0x00000000fc800000, 0x00000000fc800000| Untracked 
|   9|0x00000000fc900000, 0x00000000fc900000, 0x00000000fca00000|  0%| F|  |TAMS 0x00000000fc900000, 0x00000000fc900000| Untracked 
|  10|0x00000000fca00000, 0x00000000fca00000, 0x00000000fcb00000|  0%| F|  |TAMS 0x00000000fca00000, 0x00000000fca00000| Untracked 
|  11|0x00000000fcb00000, 0x00000000fcb00000, 0x00000000fcc00000|  0%| F|  |TAMS 0x00000000fcb00000, 0x00000000fcb00000| Untracked 
|  12|0x00000000fcc00000, 0x00000000fcc00000, 0x00000000fcd00000|  0%| F|  |TAMS 0x00000000fcc00000, 0x00000000fcc00000| Untracked 
|  13|0x00000000fcd00000, 0x00000000fcd00000, 0x00000000fce00000|  0%| F|  |TAMS 0x00000000fcd00000, 0x00000000fcd00000| Untracked 
|  14|0x00000000fce00000, 0x00000000fce00000, 0x00000000fcf00000|  0%| F|  |TAMS 0x00000000fce00000, 0x00000000fce00000| Untracked 
|  15|0x00000000fcf00000, 0x00000000fcf00000, 0x00000000fd000000|  0%| F|  |TAMS 0x00000000fcf00000, 0x00000000fcf00000| Untracked 
|  16|0x00000000fd000000, 0x00000000fd000000, 0x00000000fd100000|  0%| F|  |TAMS 0x00000000fd000000, 0x00000000fd000000| Untracked 
|  17|0x00000000fd100000, 0x00000000fd100000, 0x00000000fd200000|  0%| F|  |TAMS 0x00000000fd100000, 0x00000000fd100000| Untracked 
|  18|0x00000000fd200000, 0x00000000fd200000, 0x00000000fd300000|  0%| F|  |TAMS 0x00000000fd200000, 0x00000000fd200000| Untracked 
|  19|0x00000000fd300000, 0x00000000fd300000, 0x00000000fd400000|  0%| F|  |TAMS 0x00000000fd300000, 0x00000000fd300000| Untracked 
|  20|0x00000000fd400000, 0x00000000fd400000, 0x00000000fd500000|  0%| F|  |TAMS 0x00000000fd400000, 0x00000000fd400000| Untracked 
|  21|0x00000000fd500000, 0x00000000fd500000, 0x00000000fd600000|  0%| F|  |TAMS 0x00000000fd500000, 0x00000000fd500000| Untracked 
|  22|0x00000000fd600000, 0x00000000fd600000, 0x00000000fd700000|  0%| F|  |TAMS 0x00000000fd600000, 0x00000000fd600000| Untracked 
|  23|0x00000000fd700000, 0x00000000fd700000, 0x00000000fd800000|  0%| F|  |TAMS 0x00000000fd700000, 0x00000000fd700000| Untracked 
|  24|0x00000000fd800000, 0x00000000fd800000, 0x00000000fd900000|  0%| F|  |TAMS 0x00000000fd800000, 0x00000000fd800000| Untracked 
|  25|0x00000000fd900000, 0x00000000fd900000, 0x00000000fda00000|  0%| F|  |TAMS 0x00000000fd900000, 0x00000000fd900000| Untracked 
|  26|0x00000000fda00000, 0x00000000fda00000, 0x00000000fdb00000|  0%| F|  |TAMS 0x00000000fda00000, 0x00000000fda00000| Untracked 
|  27|0x00000000fdb00000, 0x00000000fdb00000, 0x00000000fdc00000|  0%| F|  |TAMS 0x00000000fdb00000, 0x00000000fdb00000| Untracked 
|  28|0x00000000fdc00000, 0x00000000fdd00000, 0x00000000fdd00000|100%| E|  |TAMS 0x00000000fdc00000, 0x00000000fdc00000| Complete 
|  29|0x00000000fdd00000, 0x00000000fde00000, 0x00000000fde00000|100%| E|CS|TAMS 0x00000000fdd00000, 0x00000000fdd00000| Complete 
|  30|0x00000000fde00000, 0x00000000fdf00000, 0x00000000fdf00000|100%| E|CS|TAMS 0x00000000fde00000, 0x00000000fde00000| Complete 
|  31|0x00000000fdf00000, 0x00000000fe000000, 0x00000000fe000000|100%| E|CS|TAMS 0x00000000fdf00000, 0x00000000fdf00000| Complete 
|  32|0x00000000fe000000, 0x00000000fe100000, 0x00000000fe100000|100%| E|CS|TAMS 0x00000000fe000000, 0x00000000fe000000| Complete 
|  33|0x00000000fe100000, 0x00000000fe200000, 0x00000000fe200000|100%| E|CS|TAMS 0x00000000fe100000, 0x00000000fe100000| Complete 
|  34|0x00000000fe200000, 0x00000000fe300000, 0x00000000fe300000|100%| E|CS|TAMS 0x00000000fe200000, 0x00000000fe200000| Complete 
|  35|0x00000000fe300000, 0x00000000fe400000, 0x00000000fe400000|100%| E|CS|TAMS 0x00000000fe300000, 0x00000000fe300000| Complete 
|  36|0x00000000fe400000, 0x00000000fe500000, 0x00000000fe500000|100%| E|CS|TAMS 0x00000000fe400000, 0x00000000fe400000| Complete 
|  37|0x00000000fe500000, 0x00000000fe600000, 0x00000000fe600000|100%| E|CS|TAMS 0x00000000fe500000, 0x00000000fe500000| Complete 
|  38|0x00000000fe600000, 0x00000000fe700000, 0x00000000fe700000|100%| E|CS|TAMS 0x00000000fe600000, 0x00000000fe600000| Complete 
|  39|0x00000000fe700000, 0x00000000fe800000, 0x00000000fe800000|100%| E|CS|TAMS 0x00000000fe700000, 0x00000000fe700000| Complete 
|  40|0x00000000fe800000, 0x00000000fe900000, 0x00000000fe900000|100%| E|CS|TAMS 0x00000000fe800000, 0x00000000fe800000| Complete 
|  41|0x00000000fe900000, 0x00000000fea00000, 0x00000000fea00000|100%| E|CS|TAMS 0x00000000fe900000, 0x00000000fe900000| Complete 
|  42|0x00000000fea00000, 0x00000000feb00000, 0x00000000feb00000|100%| E|CS|TAMS 0x00000000fea00000, 0x00000000fea00000| Complete 
|  43|0x00000000feb00000, 0x00000000fec00000, 0x00000000fec00000|100%| E|CS|TAMS 0x00000000feb00000, 0x00000000feb00000| Complete 
|  44|0x00000000fec00000, 0x00000000fed00000, 0x00000000fed00000|100%| E|CS|TAMS 0x00000000fec00000, 0x00000000fec00000| Complete 
|  45|0x00000000fed00000, 0x00000000fee00000, 0x00000000fee00000|100%| E|CS|TAMS 0x00000000fed00000, 0x00000000fed00000| Complete 
|  46|0x00000000fee00000, 0x00000000fef00000, 0x00000000fef00000|100%| E|CS|TAMS 0x00000000fee00000, 0x00000000fee00000| Complete 
|  47|0x00000000fef00000, 0x00000000ff000000, 0x00000000ff000000|100%| E|CS|TAMS 0x00000000fef00000, 0x00000000fef00000| Complete 
|  48|0x00000000ff000000, 0x00000000ff100000, 0x00000000ff100000|100%| E|CS|TAMS 0x00000000ff000000, 0x00000000ff000000| Complete 
|  49|0x00000000ff100000, 0x00000000ff200000, 0x00000000ff200000|100%| E|CS|TAMS 0x00000000ff100000, 0x00000000ff100000| Complete 
|  50|0x00000000ff200000, 0x00000000ff300000, 0x00000000ff300000|100%| E|CS|TAMS 0x00000000ff200000, 0x00000000ff200000| Complete 
|  51|0x00000000ff300000, 0x00000000ff400000, 0x00000000ff400000|100%| E|CS|TAMS 0x00000000ff300000, 0x00000000ff300000| Complete 
|  52|0x00000000ff400000, 0x00000000ff500000, 0x00000000ff500000|100%| E|CS|TAMS 0x00000000ff400000, 0x00000000ff400000| Complete 
|  53|0x00000000ff500000, 0x00000000ff600000, 0x00000000ff600000|100%| E|CS|TAMS 0x00000000ff500000, 0x00000000ff500000| Complete 
|  54|0x00000000ff600000, 0x00000000ff700000, 0x00000000ff700000|100%| E|  |TAMS 0x00000000ff600000, 0x00000000ff600000| Complete 
|  55|0x00000000ff700000, 0x00000000ff800000, 0x00000000ff800000|100%| E|CS|TAMS 0x00000000ff700000, 0x00000000ff700000| Complete 
|  56|0x00000000ff800000, 0x00000000ff900000, 0x00000000ff900000|100%| S|CS|TAMS 0x00000000ff800000, 0x00000000ff800000| Complete 
|  57|0x00000000ff900000, 0x00000000ffa00000, 0x00000000ffa00000|100%| E|CS|TAMS 0x00000000ff900000, 0x00000000ff900000| Complete 
|  58|0x00000000ffa00000, 0x00000000ffb00000, 0x00000000ffb00000|100%| E|CS|TAMS 0x00000000ffa00000, 0x00000000ffa00000| Complete 
|  59|0x00000000ffb00000, 0x00000000ffc00000, 0x00000000ffc00000|100%| E|CS|TAMS 0x00000000ffb00000, 0x00000000ffb00000| Complete 
|  60|0x00000000ffc00000, 0x00000000ffd00000, 0x00000000ffd00000|100%| E|CS|TAMS 0x00000000ffc00000, 0x00000000ffc00000| Complete 
|  61|0x00000000ffd00000, 0x00000000ffe00000, 0x00000000ffe00000|100%| E|CS|TAMS 0x00000000ffd00000, 0x00000000ffd00000| Complete 
|  62|0x00000000ffe00000, 0x00000000fff00000, 0x00000000fff00000|100%| E|CS|TAMS 0x00000000ffe00000, 0x00000000ffe00000| Complete 
|  63|0x00000000fff00000, 0x0000000100000000, 0x0000000100000000|100%| E|CS|TAMS 0x00000000fff00000, 0x00000000fff00000| Complete 

Card table byte_map: [0x000001cc6a420000,0x000001cc6a440000] _byte_map_base: 0x000001cc69c40000

Marking Bits (Prev, Next): (CMBitMap*) 0x000001cc53982098, (CMBitMap*) 0x000001cc539820d0
 Prev Bits: [0x000001cc6a460000, 0x000001cc6a560000)
 Next Bits: [0x000001cc6a560000, 0x000001cc6a660000)

Polling page: 0x000001cc52150000

Metaspace:

Usage:
  Non-class:     13.22 MB capacity,    13.08 MB ( 99%) used,   126.52 KB ( <1%) free+waste,    20.38 KB ( <1%) overhead. 
      Class:      1.79 MB capacity,     1.71 MB ( 96%) used,    72.05 KB (  4%) free+waste,    10.25 KB ( <1%) overhead. 
       Both:     15.01 MB capacity,    14.79 MB ( 99%) used,   198.56 KB (  1%) free+waste,    30.63 KB ( <1%) overhead. 

Virtual space:
  Non-class space:       14.00 MB reserved,      13.25 MB ( 95%) committed 
      Class space:        1.00 GB reserved,       1.88 MB ( <1%) committed 
             Both:        1.01 GB reserved,      15.13 MB (  1%) committed 

Chunk freelists:
   Non-Class:  3.38 KB
       Class:  2.75 KB
        Both:  6.13 KB

CodeHeap 'non-profiled nmethods': size=120064Kb used=443Kb max_used=443Kb free=119620Kb
 bounds [0x000001cc62ae0000, 0x000001cc62d50000, 0x000001cc6a020000]
CodeHeap 'profiled nmethods': size=120000Kb used=2556Kb max_used=2556Kb free=117443Kb
 bounds [0x000001cc5b5b0000, 0x000001cc5b830000, 0x000001cc62ae0000]
CodeHeap 'non-nmethods': size=5696Kb used=1093Kb max_used=1105Kb free=4602Kb
 bounds [0x000001cc5b020000, 0x000001cc5b290000, 0x000001cc5b5b0000]
 total_blobs=1743 nmethods=1323 adapters=333
 compilation: enabled
              stopped_count=0, restarted_count=0
 full_count=0

Compilation events (10 events):
Event: 52.951 Thread 0x000001cc6d3a8800 nmethod 1315 0x000001cc5b82a790 code [0x000001cc5b82a940, 0x000001cc5b82ac68]
Event: 52.951 Thread 0x000001cc6d3a8800 1316       3       java.util.concurrent.ScheduledThreadPoolExecutor::reExecutePeriodic (49 bytes)
Event: 52.951 Thread 0x000001cc6d3a8800 nmethod 1316 0x000001cc5b82ad90 code [0x000001cc5b82afa0, 0x000001cc5b82b648]
Event: 52.951 Thread 0x000001cc6d3a8800 1317       3       java.util.concurrent.ThreadPoolExecutor::afterExecute (1 bytes)
Event: 52.951 Thread 0x000001cc6d3a8800 nmethod 1317 0x000001cc5b82b810 code [0x000001cc5b82b9a0, 0x000001cc5b82ba98]
Event: 56.526 Thread 0x000001cc6d3a8800 1318       1       org.gradle.internal.logging.console.DefaultAnsiExecutor::access$100 (5 bytes)
Event: 56.527 Thread 0x000001cc6d3a8800 nmethod 1318 0x000001cc62b4e890 code [0x000001cc62b4ea20, 0x000001cc62b4eab8]
Event: 58.174 Thread 0x000001cc6d3a8800 1319       1       org.fusesource.jansi.Ansi$Attribute::value (5 bytes)
Event: 58.174 Thread 0x000001cc6d3a8800 nmethod 1319 0x000001cc62b4eb90 code [0x000001cc62b4ed20, 0x000001cc62b4edd8]
Event: 61.465 Thread 0x000001cc6d235000 1320       4       java.util.ArrayList::add (25 bytes)

GC Heap History (2 events):
Event: 4.955 GC heap before
{Heap before GC invocations=0 (full 0):
 garbage-first heap   total 65536K, used 7168K [0x00000000fc000000, 0x0000000100000000)
  region size 1024K, 7 young (7168K), 0 survivors (0K)
 Metaspace       used 7028K, capacity 7160K, committed 7424K, reserved 1056768K
  class space    used 622K, capacity 682K, committed 768K, reserved 1048576K
}
Event: 5.207 GC heap after
{Heap after GC invocations=1 (full 0):
 garbage-first heap   total 65536K, used 1563K [0x00000000fc000000, 0x0000000100000000)
  region size 1024K, 1 young (1024K), 1 survivors (1024K)
 Metaspace       used 7028K, capacity 7160K, committed 7424K, reserved 1056768K
  class space    used 622K, capacity 682K, committed 768K, reserved 1048576K
}

Deoptimization events (10 events):
Event: 8.274 Thread 0x000001cc53969800 Uncommon trap: reason=class_check action=maybe_recompile pc=0x000001cc62afbae0 method=java.util.regex.Matcher.match(II)Z @ 121 c2
Event: 8.274 Thread 0x000001cc53969800 Uncommon trap: reason=class_check action=maybe_recompile pc=0x000001cc62afbae0 method=java.util.regex.Matcher.match(II)Z @ 121 c2
Event: 8.275 Thread 0x000001cc53969800 Uncommon trap: reason=class_check action=maybe_recompile pc=0x000001cc62afbae0 method=java.util.regex.Matcher.match(II)Z @ 121 c2
Event: 8.275 Thread 0x000001cc53969800 Uncommon trap: reason=class_check action=maybe_recompile pc=0x000001cc62afbae0 method=java.util.regex.Matcher.match(II)Z @ 121 c2
Event: 8.280 Thread 0x000001cc53969800 Uncommon trap: reason=unstable_if action=reinterpret pc=0x000001cc62b1c260 method=java.util.HashMap.hash(Ljava/lang/Object;)I @ 1 c2
Event: 8.946 Thread 0x000001cc53969800 Uncommon trap: reason=unstable_if action=reinterpret pc=0x000001cc62b004ac method=java.io.WinNTFileSystem.resolve(Ljava/lang/String;Ljava/lang/String;)Ljava/lang/String; @ 70 c2
Event: 11.353 Thread 0x000001cc53969800 Uncommon trap: reason=unstable_if action=reinterpret pc=0x000001cc62b35f50 method=java.util.HashMap.getNode(ILjava/lang/Object;)Ljava/util/HashMap$Node; @ 129 c2
Event: 12.343 Thread 0x000001cc53969800 Uncommon trap: reason=unstable_if action=reinterpret pc=0x000001cc62b32f08 method=java.io.WinNTFileSystem.normalize(Ljava/lang/String;)Ljava/lang/String; @ 128 c2
Event: 15.278 Thread 0x000001cc53969800 Uncommon trap: reason=unstable_if action=reinterpret pc=0x000001cc62b11d50 method=java.lang.AbstractStringBuilder.append(Ljava/lang/String;)Ljava/lang/AbstractStringBuilder; @ 1 c2
Event: 15.279 Thread 0x000001cc53969800 Uncommon trap: reason=unstable_if action=reinterpret pc=0x000001cc62b127a0 method=java.lang.AbstractStringBuilder.append(Ljava/lang/String;)Ljava/lang/AbstractStringBuilder; @ 1 c2

Classes redefined (0 events):
No events

Internal exceptions (10 events):
Event: 8.422 Thread 0x000001cc53969800 Exception <a 'java/lang/NoClassDefFoundError'{0x00000000fef06008}: org/slf4j/impl/StaticMarkerBinder> (0x00000000fef06008) thrown at [./open/src/hotspot/share/classfile/systemDictionary.cpp, line 215]
Event: 8.676 Thread 0x000001cc53969800 Exception <a 'java/lang/NoSuchMethodError'{0x00000000feff79f0}: java.lang.invoke.DirectMethodHandle$Holder.invokeVirtual(Ljava/lang/Object;Ljava/lang/Object;Ljava/lang/Object;Ljava/lang/Object;Ljava/lang/Object;Ljava/lang/Object;Ljava/lang/Object;)Ljava/l
Event: 8.681 Thread 0x000001cc53969800 Exception <a 'java/lang/NoSuchMethodError'{0x00000000fee0b628}: java.lang.invoke.Invokers$Holder.invoker(Ljava/lang/Object;Ljava/lang/Object;Ljava/lang/Object;)Ljava/lang/Object;> (0x00000000fee0b628) thrown at [./open/src/hotspot/share/interpreter/linkRe
Event: 8.772 Thread 0x000001cc53969800 Exception <a 'java/lang/NoSuchMethodError'{0x00000000fee1c220}: java.lang.invoke.DelegatingMethodHandle$Holder.delegate(Ljava/lang/Object;Ljava/lang/Object;ILjava/lang/Object;)V> (0x00000000fee1c220) thrown at [./open/src/hotspot/share/interpreter/linkRes
Event: 9.552 Thread 0x000001cc53969800 Exception <a 'java/lang/NoSuchMethodError'{0x00000000fe60fbb0}: java.lang.invoke.DirectMethodHandle$Holder.invokeInterface(Ljava/lang/Object;Ljava/lang/Object;Ljava/lang/Object;)Ljava/lang/Object;> (0x00000000fe60fbb0) thrown at [./open/src/hotspot/share/
Event: 10.039 Thread 0x000001cc53969800 Exception <a 'java/lang/NoSuchMethodError'{0x00000000fe468200}: java.lang.invoke.DirectMethodHandle$Holder.invokeStaticInit(Ljava/lang/Object;Ljava/lang/Object;Ljava/lang/Object;)Ljava/lang/Object;> (0x00000000fe468200) thrown at [./open/src/hotspot/share
Event: 11.607 Thread 0x000001cc53969800 Exception <a 'java/lang/NoSuchMethodError'{0x00000000fe0f1a40}: java.lang.invoke.DirectMethodHandle$Holder.invokeStaticInit(Ljava/lang/Object;IIII)Ljava/lang/Object;> (0x00000000fe0f1a40) thrown at [./open/src/hotspot/share/interpreter/linkResolver.cpp, l
Event: 13.056 Thread 0x000001cc53969800 Exception <a 'java/lang/NoSuchMethodError'{0x00000000fdf280d0}: java.lang.invoke.DirectMethodHandle$Holder.invokeStaticInit(Ljava/lang/Object;Ljava/lang/Object;IIII)Ljava/lang/Object;> (0x00000000fdf280d0) thrown at [./open/src/hotspot/share/interpreter/l
Event: 15.278 Thread 0x000001cc53969800 Implicit null exception at 0x000001cc62b11874 to 0x000001cc62b11d3c
Event: 15.279 Thread 0x000001cc53969800 Implicit null exception at 0x000001cc62b122f4 to 0x000001cc62b1278c

Events (10 events):
Event: 17.649 loading class com/google/common/collect/CollectPreconditions
Event: 17.649 loading class com/google/common/collect/CollectPreconditions done
Event: 17.668 loading class com/google/common/primitives/Ints
Event: 17.668 loading class com/google/common/primitives/Ints done
Event: 17.711 loading class com/google/common/primitives/IntsMethodsForWeb
Event: 17.711 loading class com/google/common/primitives/IntsMethodsForWeb done
Event: 17.712 loading class com/google/common/base/Converter
Event: 17.712 loading class com/google/common/base/Converter done
Event: 17.712 loading class com/google/common/primitives/Ints$IntConverter
Event: 17.712 loading class com/google/common/primitives/Ints$IntConverter done


Dynamic libraries:
0x00007ff6ac670000 - 0x00007ff6ac67f000 	C:\Program Files\Java\jdk-11.0.15\bin\java.exe
0x00007ffff4b30000 - 0x00007ffff4d28000 	C:\WINDOWS\SYSTEM32\ntdll.dll
0x00007ffff40c0000 - 0x00007ffff417d000 	C:\WINDOWS\System32\KERNEL32.DLL
0x00007ffff2560000 - 0x00007ffff2832000 	C:\WINDOWS\System32\KERNELBASE.dll
0x00007ffff2a10000 - 0x00007ffff2b10000 	C:\WINDOWS\System32\ucrtbase.dll
0x00007fffedd20000 - 0x00007fffedd38000 	C:\Program Files\Java\jdk-11.0.15\bin\jli.dll
0x00007ffff4a40000 - 0x00007ffff4aee000 	C:\WINDOWS\System32\ADVAPI32.dll
0x00007ffff3a30000 - 0x00007ffff3ace000 	C:\WINDOWS\System32\msvcrt.dll
0x00007ffff3240000 - 0x00007ffff32dc000 	C:\WINDOWS\System32\sechost.dll
0x00007ffff3b00000 - 0x00007ffff3c25000 	C:\WINDOWS\System32\RPCRT4.dll
0x00007ffff3c40000 - 0x00007ffff3ddd000 	C:\WINDOWS\System32\USER32.dll
0x00007ffff2b60000 - 0x00007ffff2b82000 	C:\WINDOWS\System32\win32u.dll
0x00007ffff2f70000 - 0x00007ffff2f9b000 	C:\WINDOWS\System32\GDI32.dll
0x00007ffff2380000 - 0x00007ffff248f000 	C:\WINDOWS\System32\gdi32full.dll
0x00007ffff2490000 - 0x00007ffff252d000 	C:\WINDOWS\System32\msvcp_win.dll
0x00007fffedd00000 - 0x00007fffedd15000 	C:\Program Files\Java\jdk-11.0.15\bin\VCRUNTIME140.dll
0x00007fffe3890000 - 0x00007fffe3b2a000 	C:\WINDOWS\WinSxS\amd64_microsoft.windows.common-controls_6595b64144ccf1df_6.0.19041.1110_none_60b5254171f9507e\COMCTL32.dll
0x00007fffebcd0000 - 0x00007fffebcda000 	C:\WINDOWS\SYSTEM32\VERSION.dll
0x00007ffff3ad0000 - 0x00007ffff3b00000 	C:\WINDOWS\System32\IMM32.DLL
0x00007fffe34d0000 - 0x00007fffe356b000 	C:\Program Files\Java\jdk-11.0.15\bin\msvcp140.dll
0x00007fffb6050000 - 0x00007fffb6b66000 	C:\Program Files\Java\jdk-11.0.15\bin\server\jvm.dll
0x00007ffff3150000 - 0x00007ffff3158000 	C:\WINDOWS\System32\PSAPI.DLL
0x00007fffedcf0000 - 0x00007fffedcf9000 	C:\WINDOWS\SYSTEM32\WSOCK32.dll
0x00007ffff4180000 - 0x00007ffff41eb000 	C:\WINDOWS\System32\WS2_32.dll
0x00007fffea920000 - 0x00007fffea947000 	C:\WINDOWS\SYSTEM32\WINMM.dll
0x00007ffff0120000 - 0x00007ffff0132000 	C:\WINDOWS\SYSTEM32\kernel.appcore.dll
0x00007fffead50000 - 0x00007fffead60000 	C:\Program Files\Java\jdk-11.0.15\bin\verify.dll
0x00007fffdbd00000 - 0x00007fffdbee4000 	C:\WINDOWS\SYSTEM32\DBGHELP.DLL
0x00007fffdbcd0000 - 0x00007fffdbcfc000 	C:\WINDOWS\SYSTEM32\dbgcore.DLL
0x00007ffff2240000 - 0x00007ffff22c2000 	C:\WINDOWS\System32\bcryptPrimitives.dll
0x00007fffead20000 - 0x00007fffead48000 	C:\Program Files\Java\jdk-11.0.15\bin\java.dll
0x00007fffe34c0000 - 0x00007fffe34ca000 	C:\Program Files\Java\jdk-11.0.15\bin\jimage.dll
0x00007fffe34a0000 - 0x00007fffe34b6000 	C:\Program Files\Java\jdk-11.0.15\bin\zip.dll
0x00007ffff32e0000 - 0x00007ffff3a23000 	C:\WINDOWS\System32\SHELL32.dll
0x00007ffff0320000 - 0x00007ffff0ab1000 	C:\WINDOWS\SYSTEM32\windows.storage.dll
0x00007ffff2b90000 - 0x00007ffff2ee4000 	C:\WINDOWS\System32\combase.dll
0x00007ffff1bc0000 - 0x00007ffff1bf0000 	C:\WINDOWS\SYSTEM32\Wldp.dll
0x00007ffff47c0000 - 0x00007ffff486d000 	C:\WINDOWS\System32\SHCORE.dll
0x00007ffff2ef0000 - 0x00007ffff2f45000 	C:\WINDOWS\System32\shlwapi.dll
0x00007ffff2180000 - 0x00007ffff219f000 	C:\WINDOWS\SYSTEM32\profapi.dll
0x00007fffe3480000 - 0x00007fffe3499000 	C:\Program Files\Java\jdk-11.0.15\bin\net.dll
0x00007fffe3240000 - 0x00007fffe334d000 	C:\WINDOWS\SYSTEM32\WINHTTP.dll
0x00007ffff1920000 - 0x00007ffff198a000 	C:\WINDOWS\system32\mswsock.dll
0x00007fffe3460000 - 0x00007fffe3472000 	C:\Program Files\Java\jdk-11.0.15\bin\nio.dll
0x00007fffe3430000 - 0x00007fffe3457000 	C:\Users\goura\.gradle\native\e1d6ef7f7dcc3fd88c89a11ec53ec762bb8ba0a96d01ffa2cd45eb1d1d8dd5c5\windows-amd64\native-platform.dll
0x00007fffef9f0000 - 0x00007fffef9fa000 	C:\Users\goura\.gradle\native\jansi\1.18\windows64\jansi.dll
0x00007fffe3410000 - 0x00007fffe3419000 	C:\Program Files\Java\jdk-11.0.15\bin\management.dll
0x00007fffe3400000 - 0x00007fffe340b000 	C:\Program Files\Java\jdk-11.0.15\bin\management_ext.dll
0x00007ffff1b10000 - 0x00007ffff1b28000 	C:\WINDOWS\SYSTEM32\CRYPTSP.dll
0x00007ffff1240000 - 0x00007ffff1274000 	C:\WINDOWS\system32\rsaenh.dll
0x00007ffff2530000 - 0x00007ffff2557000 	C:\WINDOWS\System32\bcrypt.dll
0x00007ffff2100000 - 0x00007ffff212e000 	C:\WINDOWS\SYSTEM32\USERENV.dll
0x00007ffff1b30000 - 0x00007ffff1b3c000 	C:\WINDOWS\SYSTEM32\CRYPTBASE.dll
0x00007ffff1610000 - 0x00007ffff164b000 	C:\WINDOWS\SYSTEM32\IPHLPAPI.DLL
0x00007ffff4340000 - 0x00007ffff4348000 	C:\WINDOWS\System32\NSI.dll
0x00007fffeb470000 - 0x00007fffeb487000 	C:\WINDOWS\SYSTEM32\dhcpcsvc6.DLL
0x00007fffeb410000 - 0x00007fffeb42d000 	C:\WINDOWS\SYSTEM32\dhcpcsvc.DLL
0x00007ffff1650000 - 0x00007ffff171a000 	C:\WINDOWS\SYSTEM32\DNSAPI.dll

dbghelp: loaded successfully - version: 4.0.5 - missing functions: none
symbol engine: initialized successfully - sym options: 0x614 - pdb path: .;C:\Program Files\Java\jdk-11.0.15\bin;C:\WINDOWS\SYSTEM32;C:\WINDOWS\WinSxS\amd64_microsoft.windows.common-controls_6595b64144ccf1df_6.0.19041.1110_none_60b5254171f9507e;C:\Program Files\Java\jdk-11.0.15\bin\server;C:\Users\goura\.gradle\native\e1d6ef7f7dcc3fd88c89a11ec53ec762bb8ba0a96d01ffa2cd45eb1d1d8dd5c5\windows-amd64;C:\Users\goura\.gradle\native\jansi\1.18\windows64

VM Arguments:
jvm_args: -Xmx64m -Xms64m -Dorg.gradle.appname=gradlew 
java_command: org.gradle.wrapper.GradleWrapperMain app:installDebug -PreactNativeDevServerPort=8081
java_class_path (initial): D:\PRATYUSH_PROJECTS\ChefLab\android\\gradle\wrapper\gradle-wrapper.jar
Launcher Type: SUN_STANDARD

[Global flags]
     intx CICompilerCount                          = 2                                         {product} {ergonomic}
     uint ConcGCThreads                            = 1                                         {product} {ergonomic}
     uint G1ConcRefinementThreads                  = 2                                         {product} {ergonomic}
   size_t G1HeapRegionSize                         = 1048576                                   {product} {ergonomic}
    uintx GCDrainStackTargetSize                   = 64                                        {product} {ergonomic}
   size_t InitialHeapSize                          = 67108864                                  {product} {command line}
   size_t MarkStackSize                            = 4194304                                   {product} {ergonomic}
   size_t MaxHeapSize                              = 67108864                                  {product} {command line}
   size_t MaxNewSize                               = 39845888                                  {product} {ergonomic}
   size_t MinHeapDeltaBytes                        = 1048576                                   {product} {ergonomic}
    uintx NonNMethodCodeHeapSize                   = 5825164                                {pd product} {ergonomic}
    uintx NonProfiledCodeHeapSize                  = 122916538                              {pd product} {ergonomic}
    uintx ProfiledCodeHeapSize                     = 122916538                              {pd product} {ergonomic}
    uintx ReservedCodeCacheSize                    = 251658240                              {pd product} {ergonomic}
     bool SegmentedCodeCache                       = true                                      {product} {ergonomic}
     bool UseCompressedClassPointers               = true                                 {lp64_product} {ergonomic}
     bool UseCompressedOops                        = true                                 {lp64_product} {ergonomic}
     bool UseG1GC                                  = true                                      {product} {ergonomic}
     bool UseLargePagesIndividualAllocation        = false                                  {pd product} {ergonomic}

Logging:
Log output configuration:
 #0: stdout all=warning uptime,level,tags
 #1: stderr all=off uptime,level,tags

Environment Variables:
JAVA_HOME=C:\Program Files\Java\jdk-11.0.15
CLASSPATH=D:\PRATYUSH_PROJECTS\ChefLab\android\\gradle\wrapper\gradle-wrapper.jar
PATH=D:\PRATYUSH_PROJECTS\ChefLab\android\node_modules\.bin;D:\PRATYUSH_PROJECTS\ChefLab\node_modules\.bin;D:\PRATYUSH_PROJECTS\node_modules\.bin;D:\node_modules\.bin;C:\Program Files\nodejs;D:\PRATYUSH_PROJECTS\ChefLab\node_modules\.bin;D:\PRATYUSH_PROJECTS\node_modules\.bin;D:\node_modules\.bin;C:\Users\goura\AppData\Roaming\npm\node_modules\npm\node_modules\@npmcli\run-script\lib\node-gyp-bin;C:\Program Files\Common Files\Oracle\Java\javapath;C:\Program Files (x86)\Common Files\Oracle\Java\javapath;C:\WINDOWS\system32;C:\WINDOWS;C:\WINDOWS\System32\Wbem;C:\WINDOWS\System32\WindowsPowerShell\v1.0\;C:\WINDOWS\System32\OpenSSH\;C:\Program Files\nodejs\;C:\ProgramData\chocolatey\bin;C:\Program Files\Git\cmd;C:\Users\goura\AppData\Local\Microsoft\WindowsApps;C:\Users\goura\AppData\Roaming\npm;C:\Users\goura\AppData\Local\Programs\Microsoft VS Code\bin;C:\Program Files\Java\jdk-11.0.15\bin;C:\Program Files\Java\jdk1.8.0_202\bin;C:\Users\goura\AppData\Local\Android\Sdk\platform-tools;;D:\PRATYUSH_PROJECTS\ChefLab\node_modules\.bin
USERNAME=goura
OS=Windows_NT
PROCESSOR_IDENTIFIER=Intel64 Family 6 Model 60 Stepping 3, GenuineIntel



---------------  S Y S T E M  ---------------

OS: Windows 10 , 64 bit Build 19041 (10.0.19041.1889)

CPU:total 2 (initial active 2) (2 cores per cpu, 1 threads per core) family 6 model 60 stepping 3 microcode 0x27, cmov, cx8, fxsr, mmx, sse, sse2, sse3, ssse3, sse4.1, sse4.2, popcnt, clmul, erms, lzcnt, tsc, tscinvbit

Memory: 4k page, system-wide physical 20370M (299M free)
TotalPageFile size 35560M (AvailPageFile size 3M)
current process WorkingSet (physical memory assigned to process): 92M, peak: 92M
current process commit charge ("private bytes"): 145M, peak: 150M

vm_info: Java HotSpot(TM) 64-Bit Server VM (11.0.15+8-LTS-149) for windows-amd64 JRE (11.0.15+8-LTS-149), built on Mar  9 2022 22:42:32 by "mach5one" with MS VC++ 15.9 (VS2017)

END.
